<?xml version="1.0" encoding="UTF-8"?>
<!-- Generated by org.testng.reporters.JUnitReportReporter -->
<testsuite hostname="Dell" failures="0" tests="2" name="com.amz.qa.testcases.HomePageTest" time="108.531" errors="0" timestamp="2022-09-10T19:11:45 IST" skipped="0">
  <testcase classname="com.amz.qa.testcases.HomePageTest" name="mobileBasicTest" time="72.839"/>
  <system-out/>
  <testcase classname="com.amz.qa.testcases.HomePageTest" name="yogaMatTest" time="35.692"/>
  <system-out/>
</testsuite> <!-- com.amz.qa.testcases.HomePageTest -->
